d:\github_project\teamtalk\win-client\obj\release\httpclient_release\vc143.pdb
d:\github_project\teamtalk\win-client\obj\release\httpclient_release\util.obj
d:\github_project\teamtalk\win-client\obj\release\httpclient_release\url_parser.obj
d:\github_project\teamtalk\win-client\obj\release\httpclient_release\streaming_socket.obj
d:\github_project\teamtalk\win-client\obj\release\httpclient_release\socket_helper.obj
d:\github_project\teamtalk\win-client\obj\release\httpclient_release\proxy_socket .obj
d:\github_project\teamtalk\win-client\obj\release\httpclient_release\http_response_receiver.obj
d:\github_project\teamtalk\win-client\obj\release\httpclient_release\http_response.obj
d:\github_project\teamtalk\win-client\obj\release\httpclient_release\http_request.obj
d:\github_project\teamtalk\win-client\obj\release\httpclient_release\http_post_file.obj
d:\github_project\teamtalk\win-client\obj\release\httpclient_release\http_header_parser.obj
d:\github_project\teamtalk\win-client\obj\release\httpclient_release\http_client.obj
d:\github_project\teamtalk\win-client\obj\release\httpclient_release\file_writer.obj
d:\github_project\teamtalk\win-client\obj\release\httpclient_release\file_reader.obj
d:\github_project\teamtalk\win-client\obj\release\httpclient_release\dll_init.obj
d:\github_project\teamtalk\win-client\obj\release\httpclient_release\base64.obj
d:\github_project\teamtalk\win-client\bin\teamtalk\release\httpclient.dll
d:\github_project\teamtalk\win-client\bin\teamtalk\release\httpclient.pdb
d:\github_project\teamtalk\win-client\lib\release\httpclient.lib
d:\github_project\teamtalk\win-client\lib\release\httpclient.exp
d:\github_project\teamtalk\win-client\obj\release\httpclient_release\httpclient.ipdb
d:\github_project\teamtalk\win-client\obj\release\httpclient_release\httpclient.iobj
d:\github_project\teamtalk\win-client\solution\\..\bin\teamtalk\release\httpclient.pdb
d:\github_project\teamtalk\win-client\solution\\..\obj\release\httpclient_release\httpclient.vcxproj.filelistabsolute.txt
d:\github_project\teamtalk\win-client\obj\release\httpclient_release\httpclient.tlog\cl.command.1.tlog
d:\github_project\teamtalk\win-client\obj\release\httpclient_release\httpclient.tlog\cl.items.tlog
d:\github_project\teamtalk\win-client\obj\release\httpclient_release\httpclient.tlog\cl.read.1.tlog
d:\github_project\teamtalk\win-client\obj\release\httpclient_release\httpclient.tlog\cl.write.1.tlog
d:\github_project\teamtalk\win-client\obj\release\httpclient_release\httpclient.tlog\link.command.1.tlog
d:\github_project\teamtalk\win-client\obj\release\httpclient_release\httpclient.tlog\link.read.1.tlog
d:\github_project\teamtalk\win-client\obj\release\httpclient_release\httpclient.tlog\link.secondary.1.tlog
d:\github_project\teamtalk\win-client\obj\release\httpclient_release\httpclient.tlog\link.write.1.tlog
