d:\github_project\teamtalk\win-client\obj\debug\gifsmiley_debug\gifsmiley.pch
d:\github_project\teamtalk\win-client\obj\debug\gifsmiley_debug\vc143.pdb
d:\github_project\teamtalk\win-client\obj\debug\gifsmiley_debug\vc143.idb
d:\github_project\teamtalk\win-client\obj\debug\gifsmiley_debug\stdafx.obj
d:\github_project\teamtalk\win-client\obj\debug\gifsmiley_debug\maniimage.obj
d:\github_project\teamtalk\win-client\obj\debug\gifsmiley_debug\gifsmileyctrl.obj
d:\github_project\teamtalk\win-client\obj\debug\gifsmiley_debug\gifsmiley.obj
d:\github_project\teamtalk\win-client\bin\teamtalk\debug\gifsmiley.dll
d:\github_project\teamtalk\win-client\src\gifsmiley\vc140.idl
d:\github_project\teamtalk\win-client\src\gifsmiley\vc140.tlb
d:\github_project\teamtalk\win-client\src\gifsmiley\vc140_p.c
d:\github_project\teamtalk\win-client\src\gifsmiley\dlldata.c
d:\github_project\teamtalk\win-client\src\gifsmiley\vc140_i.c
d:\github_project\teamtalk\win-client\src\gifsmiley\vc140.h
d:\github_project\teamtalk\win-client\bin\teamtalk\debug\gifsmiley.pdb
d:\github_project\teamtalk\win-client\obj\debug\gifsmiley_debug\gifsmiley.res
d:\github_project\teamtalk\win-client\lib\debug\gifsmiley.lib
d:\github_project\teamtalk\win-client\lib\debug\gifsmiley.exp
d:\github_project\teamtalk\win-client\solution\\..\bin\teamtalk\debug\gifsmiley.pdb
d:\github_project\teamtalk\win-client\solution\\..\obj\debug\gifsmiley_debug\gifsmiley2003.vcxproj.filelistabsolute.txt
d:\github_project\teamtalk\win-client\obj\debug\gifsmiley_debug\gifsmiley.tlog\cl.command.1.tlog
d:\github_project\teamtalk\win-client\obj\debug\gifsmiley_debug\gifsmiley.tlog\cl.items.tlog
d:\github_project\teamtalk\win-client\obj\debug\gifsmiley_debug\gifsmiley.tlog\cl.read.1.tlog
d:\github_project\teamtalk\win-client\obj\debug\gifsmiley_debug\gifsmiley.tlog\cl.write.1.tlog
d:\github_project\teamtalk\win-client\obj\debug\gifsmiley_debug\gifsmiley.tlog\link.command.1.tlog
d:\github_project\teamtalk\win-client\obj\debug\gifsmiley_debug\gifsmiley.tlog\link.read.1.tlog
d:\github_project\teamtalk\win-client\obj\debug\gifsmiley_debug\gifsmiley.tlog\link.secondary.1.tlog
d:\github_project\teamtalk\win-client\obj\debug\gifsmiley_debug\gifsmiley.tlog\link.write.1.tlog
d:\github_project\teamtalk\win-client\obj\debug\gifsmiley_debug\gifsmiley.tlog\rc.command.1.tlog
d:\github_project\teamtalk\win-client\obj\debug\gifsmiley_debug\gifsmiley.tlog\rc.read.1.tlog
d:\github_project\teamtalk\win-client\obj\debug\gifsmiley_debug\gifsmiley.tlog\rc.write.1.tlog
