d:\github_project\teamtalk\win-client\bin\teamtalk\debug\libspeex.pdb
d:\github_project\teamtalk\win-client\bin\teamtalk\debug\libspeex.idb
d:\github_project\teamtalk\win-client\obj\debug\libspeex_debug\nb_celp.obj
d:\github_project\teamtalk\win-client\obj\debug\libspeex_debug\preprocess.obj
d:\github_project\teamtalk\win-client\obj\debug\libspeex_debug\quant_lsp.obj
d:\github_project\teamtalk\win-client\obj\debug\libspeex_debug\resample.obj
d:\github_project\teamtalk\win-client\obj\debug\libspeex_debug\sb_celp.obj
d:\github_project\teamtalk\win-client\obj\debug\libspeex_debug\scal.obj
d:\github_project\teamtalk\win-client\obj\debug\libspeex_debug\smallft.obj
d:\github_project\teamtalk\win-client\obj\debug\libspeex_debug\speex.obj
d:\github_project\teamtalk\win-client\obj\debug\libspeex_debug\speex_callbacks.obj
d:\github_project\teamtalk\win-client\obj\debug\libspeex_debug\speex_header.obj
d:\github_project\teamtalk\win-client\obj\debug\libspeex_debug\stereo.obj
d:\github_project\teamtalk\win-client\obj\debug\libspeex_debug\testdenoise.obj
d:\github_project\teamtalk\win-client\obj\debug\libspeex_debug\testecho.obj
d:\github_project\teamtalk\win-client\obj\debug\libspeex_debug\testenc.obj
d:\github_project\teamtalk\win-client\obj\debug\libspeex_debug\testenc_uwb.obj
d:\github_project\teamtalk\win-client\obj\debug\libspeex_debug\testenc_wb.obj
d:\github_project\teamtalk\win-client\obj\debug\libspeex_debug\testjitter.obj
d:\github_project\teamtalk\win-client\obj\debug\libspeex_debug\vbr.obj
d:\github_project\teamtalk\win-client\obj\debug\libspeex_debug\vq.obj
d:\github_project\teamtalk\win-client\obj\debug\libspeex_debug\window.obj
d:\github_project\teamtalk\win-client\obj\debug\libspeex_debug\exc_5_64_table.obj
d:\github_project\teamtalk\win-client\obj\debug\libspeex_debug\exc_8_128_table.obj
d:\github_project\teamtalk\win-client\obj\debug\libspeex_debug\fftwrap.obj
d:\github_project\teamtalk\win-client\obj\debug\libspeex_debug\filterbank.obj
d:\github_project\teamtalk\win-client\obj\debug\libspeex_debug\filters.obj
d:\github_project\teamtalk\win-client\obj\debug\libspeex_debug\gain_table.obj
d:\github_project\teamtalk\win-client\obj\debug\libspeex_debug\gain_table_lbr.obj
d:\github_project\teamtalk\win-client\obj\debug\libspeex_debug\hexc_10_32_table.obj
d:\github_project\teamtalk\win-client\obj\debug\libspeex_debug\hexc_table.obj
d:\github_project\teamtalk\win-client\obj\debug\libspeex_debug\high_lsp_tables.obj
d:\github_project\teamtalk\win-client\obj\debug\libspeex_debug\jitter.obj
d:\github_project\teamtalk\win-client\obj\debug\libspeex_debug\kiss_fft.obj
d:\github_project\teamtalk\win-client\obj\debug\libspeex_debug\kiss_fftr.obj
d:\github_project\teamtalk\win-client\obj\debug\libspeex_debug\lpc.obj
d:\github_project\teamtalk\win-client\obj\debug\libspeex_debug\lsp.obj
d:\github_project\teamtalk\win-client\obj\debug\libspeex_debug\lsp_tables_nb.obj
d:\github_project\teamtalk\win-client\obj\debug\libspeex_debug\ltp.obj
d:\github_project\teamtalk\win-client\obj\debug\libspeex_debug\mdf.obj
d:\github_project\teamtalk\win-client\obj\debug\libspeex_debug\modes.obj
d:\github_project\teamtalk\win-client\obj\debug\libspeex_debug\modes_wb.obj
d:\github_project\teamtalk\win-client\obj\debug\libspeex_debug\bits.obj
d:\github_project\teamtalk\win-client\obj\debug\libspeex_debug\buffer.obj
d:\github_project\teamtalk\win-client\obj\debug\libspeex_debug\cb_search.obj
d:\github_project\teamtalk\win-client\obj\debug\libspeex_debug\exc_10_16_table.obj
d:\github_project\teamtalk\win-client\obj\debug\libspeex_debug\exc_10_32_table.obj
d:\github_project\teamtalk\win-client\obj\debug\libspeex_debug\exc_20_32_table.obj
d:\github_project\teamtalk\win-client\obj\debug\libspeex_debug\exc_5_256_table.obj
d:\github_project\teamtalk\win-client\lib\debug\libspeex.lib
d:\github_project\teamtalk\win-client\solution\\..\bin\teamtalk\debug\libspeex.pdb
d:\github_project\teamtalk\win-client\solution\\..\obj\debug\libspeex_debug\libspeex.vcxproj.filelistabsolute.txt
d:\github_project\teamtalk\win-client\obj\debug\libspeex_debug\libspeex.tlog\cl.command.1.tlog
d:\github_project\teamtalk\win-client\obj\debug\libspeex_debug\libspeex.tlog\cl.items.tlog
d:\github_project\teamtalk\win-client\obj\debug\libspeex_debug\libspeex.tlog\cl.read.1.tlog
d:\github_project\teamtalk\win-client\obj\debug\libspeex_debug\libspeex.tlog\cl.write.1.tlog
d:\github_project\teamtalk\win-client\obj\debug\libspeex_debug\libspeex.tlog\lib-link.read.1.tlog
d:\github_project\teamtalk\win-client\obj\debug\libspeex_debug\libspeex.tlog\lib-link.write.1.tlog
d:\github_project\teamtalk\win-client\obj\debug\libspeex_debug\libspeex.tlog\lib.command.1.tlog
