d:\github_project\teamtalk\win-client\obj\debug\network_debug\network.pch
d:\github_project\teamtalk\win-client\obj\debug\network_debug\vc143.pdb
d:\github_project\teamtalk\win-client\obj\debug\network_debug\vc143.idb
d:\github_project\teamtalk\win-client\obj\debug\network_debug\dllmain.obj
d:\github_project\teamtalk\win-client\obj\debug\network_debug\utilpdu.obj
d:\github_project\teamtalk\win-client\obj\debug\network_debug\util.obj
d:\github_project\teamtalk\win-client\obj\debug\network_debug\ttpbheader.obj
d:\github_project\teamtalk\win-client\obj\debug\network_debug\tcpsocketsmanager.obj
d:\github_project\teamtalk\win-client\obj\debug\network_debug\operationmanager.obj
d:\github_project\teamtalk\win-client\obj\debug\network_debug\operation.obj
d:\github_project\teamtalk\win-client\obj\debug\network_debug\network.obj
d:\github_project\teamtalk\win-client\obj\debug\network_debug\netlib.obj
d:\github_project\teamtalk\win-client\obj\debug\network_debug\lock.obj
d:\github_project\teamtalk\win-client\obj\debug\network_debug\imcore.obj
d:\github_project\teamtalk\win-client\obj\debug\network_debug\imconn.obj
d:\github_project\teamtalk\win-client\obj\debug\network_debug\eventdispatch.obj
d:\github_project\teamtalk\win-client\obj\debug\network_debug\basesocket.obj
d:\github_project\teamtalk\win-client\obj\debug\network_debug\yaolog.obj
d:\github_project\teamtalk\win-client\obj\debug\network_debug\stdafx.obj
d:\github_project\teamtalk\win-client\bin\teamtalk\debug\network.dll
d:\github_project\teamtalk\win-client\bin\teamtalk\debug\network.pdb
d:\github_project\teamtalk\win-client\lib\debug\network.lib
d:\github_project\teamtalk\win-client\lib\debug\network.exp
d:\github_project\teamtalk\win-client\obj\debug\network_debug\network.ilk
d:\github_project\teamtalk\win-client\solution\\..\bin\teamtalk\debug\network.pdb
d:\github_project\teamtalk\win-client\solution\\..\obj\debug\network_debug\network.vcxproj.filelistabsolute.txt
d:\github_project\teamtalk\win-client\obj\debug\network_debug\network.tlog\cl.command.1.tlog
d:\github_project\teamtalk\win-client\obj\debug\network_debug\network.tlog\cl.items.tlog
d:\github_project\teamtalk\win-client\obj\debug\network_debug\network.tlog\cl.read.1.tlog
d:\github_project\teamtalk\win-client\obj\debug\network_debug\network.tlog\cl.write.1.tlog
d:\github_project\teamtalk\win-client\obj\debug\network_debug\network.tlog\link.command.1.tlog
d:\github_project\teamtalk\win-client\obj\debug\network_debug\network.tlog\link.read.1.tlog
d:\github_project\teamtalk\win-client\obj\debug\network_debug\network.tlog\link.secondary.1.tlog
d:\github_project\teamtalk\win-client\obj\debug\network_debug\network.tlog\link.write.1.tlog
