d:\github_project\teamtalk\win-client\obj\debug\speexdec_debug\vc143.pdb
d:\github_project\teamtalk\win-client\obj\debug\speexdec_debug\vc143.idb
d:\github_project\teamtalk\win-client\obj\debug\speexdec_debug\getopt.obj
d:\github_project\teamtalk\win-client\obj\debug\speexdec_debug\getopt1.obj
d:\github_project\teamtalk\win-client\obj\debug\speexdec_debug\skeleton.obj
d:\github_project\teamtalk\win-client\obj\debug\speexdec_debug\speexdec.obj
d:\github_project\teamtalk\win-client\obj\debug\speexdec_debug\wav_io.obj
d:\github_project\teamtalk\win-client\obj\debug\speexdec_debug\wave_out.obj
d:\github_project\teamtalk\win-client\bin\teamtalk\debug\speexdec.exe
d:\github_project\teamtalk\win-client\bin\teamtalk\debug\speexdec.pdb
d:\github_project\teamtalk\win-client\obj\debug\speexdec_debug\speexdec.ilk
d:\github_project\teamtalk\win-client\solution\\..\bin\teamtalk\debug\speexdec.pdb
d:\github_project\teamtalk\win-client\solution\\..\obj\debug\speexdec_debug\speexdec.vcxproj.filelistabsolute.txt
d:\github_project\teamtalk\win-client\obj\debug\speexdec_debug\speexdec.tlog\cl.command.1.tlog
d:\github_project\teamtalk\win-client\obj\debug\speexdec_debug\speexdec.tlog\cl.items.tlog
d:\github_project\teamtalk\win-client\obj\debug\speexdec_debug\speexdec.tlog\cl.read.1.tlog
d:\github_project\teamtalk\win-client\obj\debug\speexdec_debug\speexdec.tlog\cl.write.1.tlog
d:\github_project\teamtalk\win-client\obj\debug\speexdec_debug\speexdec.tlog\link.command.1.tlog
d:\github_project\teamtalk\win-client\obj\debug\speexdec_debug\speexdec.tlog\link.read.1.tlog
d:\github_project\teamtalk\win-client\obj\debug\speexdec_debug\speexdec.tlog\link.secondary.1.tlog
d:\github_project\teamtalk\win-client\obj\debug\speexdec_debug\speexdec.tlog\link.write.1.tlog
