d:\github_project\teamtalk\win-client\obj\release\modules_release\modules.pch
d:\github_project\teamtalk\win-client\obj\release\modules_release\vc143.pdb
d:\github_project\teamtalk\win-client\obj\release\modules_release\stdafx.obj
d:\github_project\teamtalk\win-client\obj\release\modules_release\im.login.pb.obj
d:\github_project\teamtalk\win-client\obj\release\modules_release\im.group.pb.obj
d:\github_project\teamtalk\win-client\obj\release\modules_release\im.file.pb.obj
d:\github_project\teamtalk\win-client\obj\release\modules_release\im.buddy.pb.obj
d:\github_project\teamtalk\win-client\obj\release\modules_release\im.basedefine.pb.obj
d:\github_project\teamtalk\win-client\obj\release\modules_release\xmemfile.obj
d:\github_project\teamtalk\win-client\obj\release\modules_release\ximawnd.obj
d:\github_project\teamtalk\win-client\obj\release\modules_release\ximawbmp.obj
d:\github_project\teamtalk\win-client\obj\release\modules_release\ximatran.obj
d:\github_project\teamtalk\win-client\obj\release\modules_release\ximapng.obj
d:\github_project\teamtalk\win-client\obj\release\modules_release\ximapal.obj
d:\github_project\teamtalk\win-client\obj\release\modules_release\ximalyr.obj
d:\github_project\teamtalk\win-client\obj\release\modules_release\ximalpha.obj
d:\github_project\teamtalk\win-client\obj\release\modules_release\ximajpg.obj
d:\github_project\teamtalk\win-client\obj\release\modules_release\ximainfo.obj
d:\github_project\teamtalk\win-client\obj\release\modules_release\ximagif.obj
d:\github_project\teamtalk\win-client\obj\release\modules_release\ximage.obj
d:\github_project\teamtalk\win-client\obj\release\modules_release\ximaexif.obj
d:\github_project\teamtalk\win-client\obj\release\modules_release\ximaenc.obj
d:\github_project\teamtalk\win-client\obj\release\modules_release\ximabmp.obj
d:\github_project\teamtalk\win-client\obj\release\modules_release\im.switchservice.pb.obj
d:\github_project\teamtalk\win-client\obj\release\modules_release\im.other.pb.obj
d:\github_project\teamtalk\win-client\obj\release\modules_release\im.message.pb.obj
d:\github_project\teamtalk\win-client\obj\release\modules_release\jdatasrc.obj
d:\github_project\teamtalk\win-client\obj\release\modules_release\jdatadst.obj
d:\github_project\teamtalk\win-client\obj\release\modules_release\jdapistd.obj
d:\github_project\teamtalk\win-client\obj\release\modules_release\jdapimin.obj
d:\github_project\teamtalk\win-client\obj\release\modules_release\jctrans.obj
d:\github_project\teamtalk\win-client\obj\release\modules_release\jcsample.obj
d:\github_project\teamtalk\win-client\obj\release\modules_release\jcprepct.obj
d:\github_project\teamtalk\win-client\obj\release\modules_release\jcphuff.obj
d:\github_project\teamtalk\win-client\obj\release\modules_release\jcparam.obj
d:\github_project\teamtalk\win-client\obj\release\modules_release\jcomapi.obj
d:\github_project\teamtalk\win-client\obj\release\modules_release\jcmaster.obj
d:\github_project\teamtalk\win-client\obj\release\modules_release\jcmarker.obj
d:\github_project\teamtalk\win-client\obj\release\modules_release\jcmainct.obj
d:\github_project\teamtalk\win-client\obj\release\modules_release\jcinit.obj
d:\github_project\teamtalk\win-client\obj\release\modules_release\jchuff.obj
d:\github_project\teamtalk\win-client\obj\release\modules_release\jcdctmgr.obj
d:\github_project\teamtalk\win-client\obj\release\modules_release\jccolor.obj
d:\github_project\teamtalk\win-client\obj\release\modules_release\jccoefct.obj
d:\github_project\teamtalk\win-client\obj\release\modules_release\jcapistd.obj
d:\github_project\teamtalk\win-client\obj\release\modules_release\jcapimin.obj
d:\github_project\teamtalk\win-client\obj\release\modules_release\jidctint.obj
d:\github_project\teamtalk\win-client\obj\release\modules_release\jidctfst.obj
d:\github_project\teamtalk\win-client\obj\release\modules_release\jidctflt.obj
d:\github_project\teamtalk\win-client\obj\release\modules_release\jfdctint.obj
d:\github_project\teamtalk\win-client\obj\release\modules_release\jfdctfst.obj
d:\github_project\teamtalk\win-client\obj\release\modules_release\jfdctflt.obj
d:\github_project\teamtalk\win-client\obj\release\modules_release\jerror.obj
d:\github_project\teamtalk\win-client\obj\release\modules_release\jdtrans.obj
d:\github_project\teamtalk\win-client\obj\release\modules_release\jdsample.obj
d:\github_project\teamtalk\win-client\obj\release\modules_release\jdpostct.obj
d:\github_project\teamtalk\win-client\obj\release\modules_release\jdphuff.obj
d:\github_project\teamtalk\win-client\obj\release\modules_release\jdmerge.obj
d:\github_project\teamtalk\win-client\obj\release\modules_release\jdmaster.obj
d:\github_project\teamtalk\win-client\obj\release\modules_release\jdmarker.obj
d:\github_project\teamtalk\win-client\obj\release\modules_release\jdmainct.obj
d:\github_project\teamtalk\win-client\obj\release\modules_release\jdinput.obj
d:\github_project\teamtalk\win-client\obj\release\modules_release\jdhuff.obj
d:\github_project\teamtalk\win-client\obj\release\modules_release\jddctmgr.obj
d:\github_project\teamtalk\win-client\obj\release\modules_release\jdcolor.obj
d:\github_project\teamtalk\win-client\obj\release\modules_release\jdcoefct.obj
d:\github_project\teamtalk\win-client\obj\release\modules_release\pngwio.obj
d:\github_project\teamtalk\win-client\obj\release\modules_release\pngvcrd.obj
d:\github_project\teamtalk\win-client\obj\release\modules_release\pngtrans.obj
d:\github_project\teamtalk\win-client\obj\release\modules_release\pngset.obj
d:\github_project\teamtalk\win-client\obj\release\modules_release\pngrutil.obj
d:\github_project\teamtalk\win-client\obj\release\modules_release\pngrtran.obj
d:\github_project\teamtalk\win-client\obj\release\modules_release\pngrio.obj
d:\github_project\teamtalk\win-client\obj\release\modules_release\pngread.obj
d:\github_project\teamtalk\win-client\obj\release\modules_release\pngpread.obj
d:\github_project\teamtalk\win-client\obj\release\modules_release\pngmem.obj
d:\github_project\teamtalk\win-client\obj\release\modules_release\pngget.obj
d:\github_project\teamtalk\win-client\obj\release\modules_release\pnggccrd.obj
d:\github_project\teamtalk\win-client\obj\release\modules_release\pngerror.obj
d:\github_project\teamtalk\win-client\obj\release\modules_release\png.obj
d:\github_project\teamtalk\win-client\obj\release\modules_release\jutils.obj
d:\github_project\teamtalk\win-client\obj\release\modules_release\jquant2.obj
d:\github_project\teamtalk\win-client\obj\release\modules_release\jquant1.obj
d:\github_project\teamtalk\win-client\obj\release\modules_release\jmemnobs.obj
d:\github_project\teamtalk\win-client\obj\release\modules_release\jmemmgr.obj
d:\github_project\teamtalk\win-client\obj\release\modules_release\jidctred.obj
d:\github_project\teamtalk\win-client\obj\release\modules_release\zutil.obj
d:\github_project\teamtalk\win-client\obj\release\modules_release\uncompr.obj
d:\github_project\teamtalk\win-client\obj\release\modules_release\trees.obj
d:\github_project\teamtalk\win-client\obj\release\modules_release\inftrees.obj
d:\github_project\teamtalk\win-client\obj\release\modules_release\inflate.obj
d:\github_project\teamtalk\win-client\obj\release\modules_release\inffast.obj
d:\github_project\teamtalk\win-client\obj\release\modules_release\infback.obj
d:\github_project\teamtalk\win-client\obj\release\modules_release\gzio.obj
d:\github_project\teamtalk\win-client\obj\release\modules_release\deflate.obj
d:\github_project\teamtalk\win-client\obj\release\modules_release\crc32.obj
d:\github_project\teamtalk\win-client\obj\release\modules_release\compress.obj
d:\github_project\teamtalk\win-client\obj\release\modules_release\adler32.obj
d:\github_project\teamtalk\win-client\obj\release\modules_release\pngwutil.obj
d:\github_project\teamtalk\win-client\obj\release\modules_release\pngwtran.obj
d:\github_project\teamtalk\win-client\obj\release\modules_release\pngwrite.obj
d:\github_project\teamtalk\win-client\obj\release\modules_release\filetransferuithread.obj
d:\github_project\teamtalk\win-client\obj\release\modules_release\filetransfersocket.obj
d:\github_project\teamtalk\win-client\obj\release\modules_release\filetransfermodule_impl.obj
d:\github_project\teamtalk\win-client\obj\release\modules_release\filetransferdialog.obj
d:\github_project\teamtalk\win-client\obj\release\modules_release\emocfgparsetool.obj
d:\github_project\teamtalk\win-client\obj\release\modules_release\emotionmodule_impl.obj
d:\github_project\teamtalk\win-client\obj\release\modules_release\emotiondialog.obj
d:\github_project\teamtalk\win-client\obj\release\modules_release\emotionbutton.obj
d:\github_project\teamtalk\win-client\obj\release\modules_release\databasemodule_userinfodb_impl.obj
d:\github_project\teamtalk\win-client\obj\release\modules_release\databasemodule_recentsessiondb_impl.obj
d:\github_project\teamtalk\win-client\obj\release\modules_release\databasemodule_messagedb_impl.obj
d:\github_project\teamtalk\win-client\obj\release\modules_release\databasemodule_impl.obj
d:\github_project\teamtalk\win-client\obj\release\modules_release\databasemodule_imagedb_impl.obj
d:\github_project\teamtalk\win-client\obj\release\modules_release\databasemodule_groupinfodb_impl.obj
d:\github_project\teamtalk\win-client\obj\release\modules_release\databasemodule_filetransferhistory_impl.obj
d:\github_project\teamtalk\win-client\obj\release\modules_release\databasemodule_departmentinfodb_impl.obj
d:\github_project\teamtalk\win-client\obj\release\modules_release\modulesubject.obj
d:\github_project\teamtalk\win-client\obj\release\modules_release\moduleobserver.obj
d:\github_project\teamtalk\win-client\obj\release\modules_release\modulebase.obj
d:\github_project\teamtalk\win-client\obj\release\modules_release\uieventmanager.obj
d:\github_project\teamtalk\win-client\obj\release\modules_release\autoselectmode.obj
d:\github_project\teamtalk\win-client\obj\release\modules_release\screencapturemodule_impl.obj
d:\github_project\teamtalk\win-client\obj\release\modules_release\p2pcmdmodule_impl.obj
d:\github_project\teamtalk\win-client\obj\release\modules_release\modules.obj
d:\github_project\teamtalk\win-client\obj\release\modules_release\miscmodule_impl.obj
d:\github_project\teamtalk\win-client\obj\release\modules_release\sendmsgmanage.obj
d:\github_project\teamtalk\win-client\obj\release\modules_release\receivemsgmanage.obj
d:\github_project\teamtalk\win-client\obj\release\modules_release\messagemodule_impl.obj
d:\github_project\teamtalk\win-client\obj\release\modules_release\messageentity.obj
d:\github_project\teamtalk\win-client\obj\release\modules_release\reloginmanager.obj
d:\github_project\teamtalk\win-client\obj\release\modules_release\loginoperation.obj
d:\github_project\teamtalk\win-client\obj\release\modules_release\loginmodule_impl.obj
d:\github_project\teamtalk\win-client\obj\release\modules_release\logindialog.obj
d:\github_project\teamtalk\win-client\obj\release\modules_release\dologinserverhttpoperation.obj
d:\github_project\teamtalk\win-client\obj\release\modules_release\httppoolmodule_impl.obj
d:\github_project\teamtalk\win-client\obj\release\modules_release\creatediscussiongrpdialog.obj
d:\github_project\teamtalk\win-client\obj\release\modules_release\changediscussiongrpmemberdialog.obj
d:\github_project\teamtalk\win-client\obj\release\modules_release\grouplistmodule_impl.obj
d:\github_project\teamtalk\win-client\obj\release\modules_release\transfermanager.obj
d:\github_project\teamtalk\win-client\obj\release\modules_release\transferfile.obj
d:\github_project\teamtalk\win-client\obj\release\modules_release\sessionlayout.obj
d:\github_project\teamtalk\win-client\obj\release\modules_release\sessiondialog.obj
d:\github_project\teamtalk\win-client\obj\release\modules_release\searchlayout.obj
d:\github_project\teamtalk\win-client\obj\release\modules_release\mainlistlayout_event.obj
d:\github_project\teamtalk\win-client\obj\release\modules_release\mainlistlayout.obj
d:\github_project\teamtalk\win-client\obj\release\modules_release\sessionmodule_impl.obj
d:\github_project\teamtalk\win-client\obj\release\modules_release\sessionmanager.obj
d:\github_project\teamtalk\win-client\obj\release\modules_release\synctimertimer.obj
d:\github_project\teamtalk\win-client\obj\release\modules_release\sendimghttpoperation.obj
d:\github_project\teamtalk\win-client\obj\release\modules_release\downloadavatarhttpoperation.obj
d:\github_project\teamtalk\win-client\obj\release\modules_release\isessionmodule.obj
d:\github_project\teamtalk\win-client\obj\release\modules_release\uimgr.obj
d:\github_project\teamtalk\win-client\obj\release\modules_release\edittoolbar.obj
d:\github_project\teamtalk\win-client\obj\release\modules_release\dlgbase.obj
d:\github_project\teamtalk\win-client\obj\release\modules_release\bkgroundui.obj
d:\github_project\teamtalk\win-client\obj\release\modules_release\screensnapshot.obj
d:\github_project\teamtalk\win-client\obj\release\modules_release\screencapture.obj
d:\github_project\teamtalk\win-client\obj\release\modules_release\manalselectmode.obj
d:\github_project\teamtalk\win-client\obj\release\modules_release\manaleditmode.obj
d:\github_project\teamtalk\win-client\obj\release\modules_release\capturemode.obj
d:\github_project\teamtalk\win-client\obj\release\modules_release\userlistmodule_impl.obj
d:\github_project\teamtalk\win-client\obj\release\modules_release\iuserlistmodule.obj
d:\github_project\teamtalk\win-client\obj\release\modules_release\tcpclientmodule_impl.obj
d:\github_project\teamtalk\win-client\obj\release\modules_release\sysconfigmodule_impl.obj
d:\github_project\teamtalk\win-client\obj\release\modules_release\sysconfigdialog.obj
d:\github_project\teamtalk\win-client\obj\release\modules_release\serverconfigdialog.obj
d:\github_project\teamtalk\win-client\obj\release\modules_release\userdetailinfodialog.obj
d:\github_project\teamtalk\win-client\obj\release\modules_release\uirecentsessionlist.obj
d:\github_project\teamtalk\win-client\obj\release\modules_release\uiimlistcommondefine.obj
d:\github_project\teamtalk\win-client\obj\release\modules_release\uiimlist.obj
d:\github_project\teamtalk\win-client\obj\release\modules_release\uiimedit.obj
d:\github_project\teamtalk\win-client\obj\release\modules_release\uigroupstreelist.obj
d:\github_project\teamtalk\win-client\obj\release\modules_release\uieausertreelist.obj
d:\github_project\teamtalk\win-client\obj\release\modules_release\sessionlayout_function.obj
d:\github_project\teamtalk\win-client\obj\release\modules_release\sessionlayout_event.obj
d:\github_project\teamtalk\win-client\bin\teamtalk\release\modules.dll
d:\github_project\teamtalk\win-client\bin\teamtalk\release\modules.pdb
d:\github_project\teamtalk\win-client\obj\release\modules_release\modules.res
d:\github_project\teamtalk\win-client\lib\release\modules.lib
d:\github_project\teamtalk\win-client\lib\release\modules.exp
d:\github_project\teamtalk\win-client\obj\release\modules_release\modules.ipdb
d:\github_project\teamtalk\win-client\obj\release\modules_release\modules.iobj
d:\github_project\teamtalk\win-client\solution\\..\bin\teamtalk\release\modules.pdb
d:\github_project\teamtalk\win-client\solution\\..\obj\release\modules_release\modules.vcxproj.filelistabsolute.txt
d:\github_project\teamtalk\win-client\obj\release\modules_release\modules.tlog\cl.command.1.tlog
d:\github_project\teamtalk\win-client\obj\release\modules_release\modules.tlog\cl.items.tlog
d:\github_project\teamtalk\win-client\obj\release\modules_release\modules.tlog\cl.read.1.tlog
d:\github_project\teamtalk\win-client\obj\release\modules_release\modules.tlog\cl.write.1.tlog
d:\github_project\teamtalk\win-client\obj\release\modules_release\modules.tlog\link.command.1.tlog
d:\github_project\teamtalk\win-client\obj\release\modules_release\modules.tlog\link.read.1.tlog
d:\github_project\teamtalk\win-client\obj\release\modules_release\modules.tlog\link.secondary.1.tlog
d:\github_project\teamtalk\win-client\obj\release\modules_release\modules.tlog\link.write.1.tlog
d:\github_project\teamtalk\win-client\obj\release\modules_release\modules.tlog\rc.command.1.tlog
d:\github_project\teamtalk\win-client\obj\release\modules_release\modules.tlog\rc.read.1.tlog
d:\github_project\teamtalk\win-client\obj\release\modules_release\modules.tlog\rc.write.1.tlog
