d:\github_project\teamtalk\win-client\obj\release\gifsmiley_release\gifsmiley.pch
d:\github_project\teamtalk\win-client\obj\release\gifsmiley_release\vc143.pdb
d:\github_project\teamtalk\win-client\obj\release\gifsmiley_release\stdafx.obj
d:\github_project\teamtalk\win-client\obj\release\gifsmiley_release\maniimage.obj
d:\github_project\teamtalk\win-client\obj\release\gifsmiley_release\gifsmileyctrl.obj
d:\github_project\teamtalk\win-client\obj\release\gifsmiley_release\gifsmiley.obj
d:\github_project\teamtalk\win-client\bin\teamtalk\release\gifsmiley.dll
d:\github_project\teamtalk\win-client\src\gifsmiley\vc140.idl
d:\github_project\teamtalk\win-client\src\gifsmiley\vc140.tlb
d:\github_project\teamtalk\win-client\src\gifsmiley\vc140_p.c
d:\github_project\teamtalk\win-client\src\gifsmiley\dlldata.c
d:\github_project\teamtalk\win-client\src\gifsmiley\vc140_i.c
d:\github_project\teamtalk\win-client\src\gifsmiley\vc140.h
d:\github_project\teamtalk\win-client\bin\teamtalk\release\gifsmiley.pdb
d:\github_project\teamtalk\win-client\obj\release\gifsmiley_release\gifsmiley.res
d:\github_project\teamtalk\win-client\lib\release\gifsmiley.lib
d:\github_project\teamtalk\win-client\lib\release\gifsmiley.exp
d:\github_project\teamtalk\win-client\solution\\..\bin\teamtalk\release\gifsmiley.pdb
d:\github_project\teamtalk\win-client\solution\\..\obj\release\gifsmiley_release\gifsmiley2003.vcxproj.filelistabsolute.txt
d:\github_project\teamtalk\win-client\obj\release\gifsmiley_release\gifsmiley.tlog\cl.command.1.tlog
d:\github_project\teamtalk\win-client\obj\release\gifsmiley_release\gifsmiley.tlog\cl.items.tlog
d:\github_project\teamtalk\win-client\obj\release\gifsmiley_release\gifsmiley.tlog\cl.read.1.tlog
d:\github_project\teamtalk\win-client\obj\release\gifsmiley_release\gifsmiley.tlog\cl.write.1.tlog
d:\github_project\teamtalk\win-client\obj\release\gifsmiley_release\gifsmiley.tlog\link.command.1.tlog
d:\github_project\teamtalk\win-client\obj\release\gifsmiley_release\gifsmiley.tlog\link.read.1.tlog
d:\github_project\teamtalk\win-client\obj\release\gifsmiley_release\gifsmiley.tlog\link.secondary.1.tlog
d:\github_project\teamtalk\win-client\obj\release\gifsmiley_release\gifsmiley.tlog\link.write.1.tlog
d:\github_project\teamtalk\win-client\obj\release\gifsmiley_release\gifsmiley.tlog\rc.command.1.tlog
d:\github_project\teamtalk\win-client\obj\release\gifsmiley_release\gifsmiley.tlog\rc.read.1.tlog
d:\github_project\teamtalk\win-client\obj\release\gifsmiley_release\gifsmiley.tlog\rc.write.1.tlog
