d:\github_project\teamtalk\win-client\obj\debug\duilib_debug\duilib.pch
d:\github_project\teamtalk\win-client\obj\debug\duilib_debug\vc143.pdb
d:\github_project\teamtalk\win-client\obj\debug\duilib_debug\vc143.idb
d:\github_project\teamtalk\win-client\obj\debug\duilib_debug\stdafx.obj
d:\github_project\teamtalk\win-client\obj\debug\duilib_debug\uitilelayout.obj
d:\github_project\teamtalk\win-client\obj\debug\duilib_debug\uiverticallayout.obj
d:\github_project\teamtalk\win-client\obj\debug\duilib_debug\uiactivex.obj
d:\github_project\teamtalk\win-client\obj\debug\duilib_debug\uibutton.obj
d:\github_project\teamtalk\win-client\obj\debug\duilib_debug\uicheckbox.obj
d:\github_project\teamtalk\win-client\obj\debug\duilib_debug\uicombo.obj
d:\github_project\teamtalk\win-client\obj\debug\duilib_debug\uicombobox.obj
d:\github_project\teamtalk\win-client\obj\debug\duilib_debug\uidatetime.obj
d:\github_project\teamtalk\win-client\obj\debug\duilib_debug\uiedit.obj
d:\github_project\teamtalk\win-client\obj\debug\duilib_debug\uiflash.obj
d:\github_project\teamtalk\win-client\obj\debug\duilib_debug\uilabel.obj
d:\github_project\teamtalk\win-client\obj\debug\duilib_debug\uilist.obj
d:\github_project\teamtalk\win-client\obj\debug\duilib_debug\uioption.obj
d:\github_project\teamtalk\win-client\obj\debug\duilib_debug\uiprogress.obj
d:\github_project\teamtalk\win-client\obj\debug\duilib_debug\uirichedit.obj
d:\github_project\teamtalk\win-client\obj\debug\duilib_debug\uiscrollbar.obj
d:\github_project\teamtalk\win-client\obj\debug\duilib_debug\uislider.obj
d:\github_project\teamtalk\win-client\obj\debug\duilib_debug\uitext.obj
d:\github_project\teamtalk\win-client\obj\debug\duilib_debug\uitreeview.obj
d:\github_project\teamtalk\win-client\obj\debug\duilib_debug\uiwebbrowser.obj
d:\github_project\teamtalk\win-client\obj\debug\duilib_debug\uigifanim.obj
d:\github_project\teamtalk\win-client\obj\debug\duilib_debug\uimenu.obj
d:\github_project\teamtalk\win-client\obj\debug\duilib_debug\uilib.obj
d:\github_project\teamtalk\win-client\obj\debug\duilib_debug\dialogmanager.obj
d:\github_project\teamtalk\win-client\obj\debug\duilib_debug\uishadow.obj
d:\github_project\teamtalk\win-client\obj\debug\duilib_debug\winimplbase.obj
d:\github_project\teamtalk\win-client\obj\debug\duilib_debug\uidelegate.obj
d:\github_project\teamtalk\win-client\obj\debug\duilib_debug\utils.obj
d:\github_project\teamtalk\win-client\obj\debug\duilib_debug\uibase.obj
d:\github_project\teamtalk\win-client\obj\debug\duilib_debug\uicontainer.obj
d:\github_project\teamtalk\win-client\obj\debug\duilib_debug\uicontrol.obj
d:\github_project\teamtalk\win-client\obj\debug\duilib_debug\uidlgbuilder.obj
d:\github_project\teamtalk\win-client\obj\debug\duilib_debug\uimanager.obj
d:\github_project\teamtalk\win-client\obj\debug\duilib_debug\uimarkup.obj
d:\github_project\teamtalk\win-client\obj\debug\duilib_debug\uirender.obj
d:\github_project\teamtalk\win-client\obj\debug\duilib_debug\uichildlayout.obj
d:\github_project\teamtalk\win-client\obj\debug\duilib_debug\uihorizontallayout.obj
d:\github_project\teamtalk\win-client\obj\debug\duilib_debug\uitablayout.obj
d:\github_project\teamtalk\win-client\obj\debug\duilib_debug\stb_image.obj
d:\github_project\teamtalk\win-client\obj\debug\duilib_debug\xunzip.obj
d:\github_project\teamtalk\win-client\bin\teamtalk\debug\duilib.dll
d:\github_project\teamtalk\win-client\bin\teamtalk\debug\duilib.pdb
d:\github_project\teamtalk\win-client\lib\debug\duilib.lib
d:\github_project\teamtalk\win-client\lib\debug\duilib.exp
d:\github_project\teamtalk\win-client\solution\..\bin\teamtalk\debug\duilib.pdb
d:\github_project\teamtalk\win-client\solution\\..\obj\debug\duilib_debug\duilib.vcxproj.filelistabsolute.txt
d:\github_project\teamtalk\win-client\obj\debug\duilib_debug\duilib.tlog\cl.command.1.tlog
d:\github_project\teamtalk\win-client\obj\debug\duilib_debug\duilib.tlog\cl.items.tlog
d:\github_project\teamtalk\win-client\obj\debug\duilib_debug\duilib.tlog\cl.read.1.tlog
d:\github_project\teamtalk\win-client\obj\debug\duilib_debug\duilib.tlog\cl.write.1.tlog
d:\github_project\teamtalk\win-client\obj\debug\duilib_debug\duilib.tlog\link.command.1.tlog
d:\github_project\teamtalk\win-client\obj\debug\duilib_debug\duilib.tlog\link.read.1.tlog
d:\github_project\teamtalk\win-client\obj\debug\duilib_debug\duilib.tlog\link.secondary.1.tlog
d:\github_project\teamtalk\win-client\obj\debug\duilib_debug\duilib.tlog\link.write.1.tlog
