  dllmain.cpp
  yaolog.cpp
D:\github_project\TeamTalk\win-client\3rdParty\src\yaolog\yaolog.cpp(1041,52): warning C4267: “=”: 从“size_t”转换到“unsigned char”，可能丢失数据
D:\github_project\TeamTalk\win-client\3rdParty\src\yaolog\yaolog.cpp(1059,48): warning C4267: “=”: 从“size_t”转换到“unsigned char”，可能丢失数据
  BaseSocket.cpp
  EventDispatch.cpp
  imconn.cpp
  ImCore.cpp
  Lock.cpp
  netlib.cpp
  network.cpp
  Operation.cpp
D:\github_project\TeamTalk\win-client\include\network\Exception.h(17,44): warning C4275: 非 dll 接口 class“std::exception”用作 dll 接口 struct“imcore::Exception”的基
  (编译源文件“Operation.cpp”)
      C:\Program Files\Microsoft Visual Studio\2022\Community\VC\Tools\MSVC\14.44.35207\include\vcruntime_exception.h(49,35):
      参见“std::exception”的声明
      D:\github_project\TeamTalk\win-client\include\network\Exception.h(17,20):
      参见“imcore::Exception”的声明
  
  OperationManager.cpp
D:\github_project\TeamTalk\win-client\include\network\Operation.h(58,20): warning C4251: “imcore::Operation::m_name”:“std::basic_string<char,std::char_traits<char>,std::allocator<char>>”需要有 dll 接口以供“imcore::Operation”的客户端使用
  (编译源文件“OperationManager.cpp”)
      C:\Program Files\Microsoft Visual Studio\2022\Community\VC\Tools\MSVC\14.44.35207\include\xstring(541,7):
      参见“std::basic_string<char,std::char_traits<char>,std::allocator<char>>”的声明
  
  TcpSocketsManager.cpp
  TTPBHeader.cpp
  util.cpp
  UtilPdu.cpp
  stdafx.cpp
    正在创建库 D:\github_project\TeamTalk\win-client\solution\..\lib\Release\network.lib 和对象 D:\github_project\TeamTalk\win-client\solution\..\lib\Release\network.exp
  正在生成代码
  Previous IPDB not found, fall back to full compilation.
  All 1646 functions were compiled because no usable IPDB/IOBJ from previous compilation was found.
  已完成代码的生成
  network.vcxproj -> D:\github_project\TeamTalk\win-client\bin\teamtalk\Release\network.dll
