d:\github_project\teamtalk\win-client\obj\release\utility_release\utility.pch
d:\github_project\teamtalk\win-client\obj\release\utility_release\vc143.pdb
d:\github_project\teamtalk\win-client\obj\release\utility_release\stdafx.obj
d:\github_project\teamtalk\win-client\obj\release\utility_release\json_writer.obj
d:\github_project\teamtalk\win-client\obj\release\utility_release\json_value.obj
d:\github_project\teamtalk\win-client\obj\release\utility_release\json_reader.obj
d:\github_project\teamtalk\win-client\obj\release\utility_release\utilstrcodingapi.obj
d:\github_project\teamtalk\win-client\obj\release\utility_release\utility.obj
d:\github_project\teamtalk\win-client\obj\release\utility_release\utilcommonapi.obj
d:\github_project\teamtalk\win-client\obj\release\utility_release\ttthread.obj
d:\github_project\teamtalk\win-client\obj\release\utility_release\multilingual.obj
d:\github_project\teamtalk\win-client\obj\release\utility_release\md5.obj
d:\github_project\teamtalk\win-client\obj\release\utility_release\inioperation.obj
d:\github_project\teamtalk\win-client\obj\release\utility_release\cppsqlite3.obj
d:\github_project\teamtalk\win-client\bin\teamtalk\release\utility.dll
d:\github_project\teamtalk\win-client\bin\teamtalk\release\utility.pdb
d:\github_project\teamtalk\win-client\obj\release\utility_release\utility.res
d:\github_project\teamtalk\win-client\lib\release\utility.lib
d:\github_project\teamtalk\win-client\lib\release\utility.exp
d:\github_project\teamtalk\win-client\obj\release\utility_release\utility.ipdb
d:\github_project\teamtalk\win-client\obj\release\utility_release\utility.iobj
d:\github_project\teamtalk\win-client\solution\\..\bin\teamtalk\release\utility.pdb
d:\github_project\teamtalk\win-client\solution\\..\obj\release\utility_release\utility.vcxproj.filelistabsolute.txt
d:\github_project\teamtalk\win-client\obj\release\utility_release\utility.tlog\cl.command.1.tlog
d:\github_project\teamtalk\win-client\obj\release\utility_release\utility.tlog\cl.items.tlog
d:\github_project\teamtalk\win-client\obj\release\utility_release\utility.tlog\cl.read.1.tlog
d:\github_project\teamtalk\win-client\obj\release\utility_release\utility.tlog\cl.write.1.tlog
d:\github_project\teamtalk\win-client\obj\release\utility_release\utility.tlog\link.command.1.tlog
d:\github_project\teamtalk\win-client\obj\release\utility_release\utility.tlog\link.read.1.tlog
d:\github_project\teamtalk\win-client\obj\release\utility_release\utility.tlog\link.secondary.1.tlog
d:\github_project\teamtalk\win-client\obj\release\utility_release\utility.tlog\link.write.1.tlog
d:\github_project\teamtalk\win-client\obj\release\utility_release\utility.tlog\rc.command.1.tlog
d:\github_project\teamtalk\win-client\obj\release\utility_release\utility.tlog\rc.read.1.tlog
d:\github_project\teamtalk\win-client\obj\release\utility_release\utility.tlog\rc.write.1.tlog
