d:\github_project\teamtalk\win-client\obj\debug\httpclient_debug\vc143.pdb
d:\github_project\teamtalk\win-client\obj\debug\httpclient_debug\vc143.idb
d:\github_project\teamtalk\win-client\obj\debug\httpclient_debug\util.obj
d:\github_project\teamtalk\win-client\obj\debug\httpclient_debug\url_parser.obj
d:\github_project\teamtalk\win-client\obj\debug\httpclient_debug\streaming_socket.obj
d:\github_project\teamtalk\win-client\obj\debug\httpclient_debug\socket_helper.obj
d:\github_project\teamtalk\win-client\obj\debug\httpclient_debug\proxy_socket .obj
d:\github_project\teamtalk\win-client\obj\debug\httpclient_debug\http_response_receiver.obj
d:\github_project\teamtalk\win-client\obj\debug\httpclient_debug\http_response.obj
d:\github_project\teamtalk\win-client\obj\debug\httpclient_debug\http_request.obj
d:\github_project\teamtalk\win-client\obj\debug\httpclient_debug\http_post_file.obj
d:\github_project\teamtalk\win-client\obj\debug\httpclient_debug\http_header_parser.obj
d:\github_project\teamtalk\win-client\obj\debug\httpclient_debug\http_client.obj
d:\github_project\teamtalk\win-client\obj\debug\httpclient_debug\file_writer.obj
d:\github_project\teamtalk\win-client\obj\debug\httpclient_debug\file_reader.obj
d:\github_project\teamtalk\win-client\obj\debug\httpclient_debug\dll_init.obj
d:\github_project\teamtalk\win-client\obj\debug\httpclient_debug\base64.obj
d:\github_project\teamtalk\win-client\bin\teamtalk\debug\httpclient.dll
d:\github_project\teamtalk\win-client\bin\teamtalk\debug\httpclient.pdb
d:\github_project\teamtalk\win-client\lib\debug\httpclient.lib
d:\github_project\teamtalk\win-client\lib\debug\httpclient.exp
d:\github_project\teamtalk\win-client\obj\debug\httpclient_debug\httpclient.ilk
d:\github_project\teamtalk\win-client\solution\\..\bin\teamtalk\debug\httpclient.pdb
d:\github_project\teamtalk\win-client\solution\\..\obj\debug\httpclient_debug\httpclient.vcxproj.filelistabsolute.txt
d:\github_project\teamtalk\win-client\obj\debug\httpclient_debug\httpclient.tlog\cl.command.1.tlog
d:\github_project\teamtalk\win-client\obj\debug\httpclient_debug\httpclient.tlog\cl.items.tlog
d:\github_project\teamtalk\win-client\obj\debug\httpclient_debug\httpclient.tlog\cl.read.1.tlog
d:\github_project\teamtalk\win-client\obj\debug\httpclient_debug\httpclient.tlog\cl.write.1.tlog
d:\github_project\teamtalk\win-client\obj\debug\httpclient_debug\httpclient.tlog\link.command.1.tlog
d:\github_project\teamtalk\win-client\obj\debug\httpclient_debug\httpclient.tlog\link.read.1.tlog
d:\github_project\teamtalk\win-client\obj\debug\httpclient_debug\httpclient.tlog\link.secondary.1.tlog
d:\github_project\teamtalk\win-client\obj\debug\httpclient_debug\httpclient.tlog\link.write.1.tlog
