d:\github_project\teamtalk\win-client\obj\debug\libogg_debug\vc143.pdb
d:\github_project\teamtalk\win-client\obj\debug\libogg_debug\vc143.idb
d:\github_project\teamtalk\win-client\obj\debug\libogg_debug\bitwise.obj
d:\github_project\teamtalk\win-client\obj\debug\libogg_debug\framing.obj
d:\github_project\teamtalk\win-client\bin\teamtalk\debug\libogg.dll
d:\github_project\teamtalk\win-client\bin\teamtalk\debug\libogg.pdb
d:\github_project\teamtalk\win-client\lib\debug\libogg.lib
d:\github_project\teamtalk\win-client\lib\debug\libogg.exp
d:\github_project\teamtalk\win-client\bin\teamtalk\debug\libogg.ilk
d:\github_project\teamtalk\win-client\solution\\..\bin\teamtalk\debug\libogg.pdb
d:\github_project\teamtalk\win-client\solution\\..\bin\teamtalk\debug\libogg.ilk
d:\github_project\teamtalk\win-client\solution\\..\obj\debug\libogg_debug\libogg_dynamic.vcxproj.filelistabsolute.txt
d:\github_project\teamtalk\win-client\obj\debug\libogg_debug\libogg.tlog\cl.command.1.tlog
d:\github_project\teamtalk\win-client\obj\debug\libogg_debug\libogg.tlog\cl.items.tlog
d:\github_project\teamtalk\win-client\obj\debug\libogg_debug\libogg.tlog\cl.read.1.tlog
d:\github_project\teamtalk\win-client\obj\debug\libogg_debug\libogg.tlog\cl.write.1.tlog
d:\github_project\teamtalk\win-client\obj\debug\libogg_debug\libogg.tlog\link.command.1.tlog
d:\github_project\teamtalk\win-client\obj\debug\libogg_debug\libogg.tlog\link.read.1.tlog
d:\github_project\teamtalk\win-client\obj\debug\libogg_debug\libogg.tlog\link.secondary.1.tlog
d:\github_project\teamtalk\win-client\obj\debug\libogg_debug\libogg.tlog\link.write.1.tlog
