d:\github_project\teamtalk\win-client\obj\release\network_release\network.pch
d:\github_project\teamtalk\win-client\obj\release\network_release\vc143.pdb
d:\github_project\teamtalk\win-client\obj\release\network_release\dllmain.obj
d:\github_project\teamtalk\win-client\obj\release\network_release\utilpdu.obj
d:\github_project\teamtalk\win-client\obj\release\network_release\util.obj
d:\github_project\teamtalk\win-client\obj\release\network_release\ttpbheader.obj
d:\github_project\teamtalk\win-client\obj\release\network_release\tcpsocketsmanager.obj
d:\github_project\teamtalk\win-client\obj\release\network_release\operationmanager.obj
d:\github_project\teamtalk\win-client\obj\release\network_release\operation.obj
d:\github_project\teamtalk\win-client\obj\release\network_release\network.obj
d:\github_project\teamtalk\win-client\obj\release\network_release\netlib.obj
d:\github_project\teamtalk\win-client\obj\release\network_release\lock.obj
d:\github_project\teamtalk\win-client\obj\release\network_release\imcore.obj
d:\github_project\teamtalk\win-client\obj\release\network_release\imconn.obj
d:\github_project\teamtalk\win-client\obj\release\network_release\eventdispatch.obj
d:\github_project\teamtalk\win-client\obj\release\network_release\basesocket.obj
d:\github_project\teamtalk\win-client\obj\release\network_release\yaolog.obj
d:\github_project\teamtalk\win-client\obj\release\network_release\stdafx.obj
d:\github_project\teamtalk\win-client\bin\teamtalk\release\network.dll
d:\github_project\teamtalk\win-client\bin\teamtalk\release\network.pdb
d:\github_project\teamtalk\win-client\lib\release\network.lib
d:\github_project\teamtalk\win-client\lib\release\network.exp
d:\github_project\teamtalk\win-client\obj\release\network_release\network.ipdb
d:\github_project\teamtalk\win-client\obj\release\network_release\network.iobj
d:\github_project\teamtalk\win-client\solution\\..\bin\teamtalk\release\network.pdb
d:\github_project\teamtalk\win-client\solution\\..\obj\release\network_release\network.vcxproj.filelistabsolute.txt
d:\github_project\teamtalk\win-client\obj\release\network_release\network.tlog\cl.command.1.tlog
d:\github_project\teamtalk\win-client\obj\release\network_release\network.tlog\cl.items.tlog
d:\github_project\teamtalk\win-client\obj\release\network_release\network.tlog\cl.read.1.tlog
d:\github_project\teamtalk\win-client\obj\release\network_release\network.tlog\cl.write.1.tlog
d:\github_project\teamtalk\win-client\obj\release\network_release\network.tlog\link.command.1.tlog
d:\github_project\teamtalk\win-client\obj\release\network_release\network.tlog\link.read.1.tlog
d:\github_project\teamtalk\win-client\obj\release\network_release\network.tlog\link.secondary.1.tlog
d:\github_project\teamtalk\win-client\obj\release\network_release\network.tlog\link.write.1.tlog
