d:\github_project\teamtalk\win-client\obj\release\speexdec_release\vc143.pdb
d:\github_project\teamtalk\win-client\obj\release\speexdec_release\wave_out.obj
d:\github_project\teamtalk\win-client\obj\release\speexdec_release\wav_io.obj
d:\github_project\teamtalk\win-client\obj\release\speexdec_release\speexdec.obj
d:\github_project\teamtalk\win-client\obj\release\speexdec_release\skeleton.obj
d:\github_project\teamtalk\win-client\obj\release\speexdec_release\getopt1.obj
d:\github_project\teamtalk\win-client\obj\release\speexdec_release\getopt.obj
d:\github_project\teamtalk\win-client\bin\teamtalk\release\speexdec.exe
d:\github_project\teamtalk\win-client\bin\teamtalk\release\speexdec.pdb
d:\github_project\teamtalk\win-client\obj\release\speexdec_release\speexdec.iobj
d:\github_project\teamtalk\win-client\solution\\..\bin\teamtalk\release\speexdec.pdb
d:\github_project\teamtalk\win-client\solution\\..\obj\release\speexdec_release\speexdec.vcxproj.filelistabsolute.txt
d:\github_project\teamtalk\win-client\obj\release\speexdec_release\speexdec.tlog\cl.command.1.tlog
d:\github_project\teamtalk\win-client\obj\release\speexdec_release\speexdec.tlog\cl.items.tlog
d:\github_project\teamtalk\win-client\obj\release\speexdec_release\speexdec.tlog\cl.read.1.tlog
d:\github_project\teamtalk\win-client\obj\release\speexdec_release\speexdec.tlog\cl.write.1.tlog
d:\github_project\teamtalk\win-client\obj\release\speexdec_release\speexdec.tlog\link.command.1.tlog
d:\github_project\teamtalk\win-client\obj\release\speexdec_release\speexdec.tlog\link.read.1.tlog
d:\github_project\teamtalk\win-client\obj\release\speexdec_release\speexdec.tlog\link.secondary.1.tlog
d:\github_project\teamtalk\win-client\obj\release\speexdec_release\speexdec.tlog\link.write.1.tlog
