d:\github_project\teamtalk\win-client\bin\teamtalk\release\libspeex.pdb
d:\github_project\teamtalk\win-client\obj\release\libspeex_release\kiss_fftr.obj
d:\github_project\teamtalk\win-client\obj\release\libspeex_release\kiss_fft.obj
d:\github_project\teamtalk\win-client\obj\release\libspeex_release\jitter.obj
d:\github_project\teamtalk\win-client\obj\release\libspeex_release\high_lsp_tables.obj
d:\github_project\teamtalk\win-client\obj\release\libspeex_release\hexc_table.obj
d:\github_project\teamtalk\win-client\obj\release\libspeex_release\hexc_10_32_table.obj
d:\github_project\teamtalk\win-client\obj\release\libspeex_release\gain_table_lbr.obj
d:\github_project\teamtalk\win-client\obj\release\libspeex_release\gain_table.obj
d:\github_project\teamtalk\win-client\obj\release\libspeex_release\filters.obj
d:\github_project\teamtalk\win-client\obj\release\libspeex_release\filterbank.obj
d:\github_project\teamtalk\win-client\obj\release\libspeex_release\fftwrap.obj
d:\github_project\teamtalk\win-client\obj\release\libspeex_release\exc_8_128_table.obj
d:\github_project\teamtalk\win-client\obj\release\libspeex_release\exc_5_64_table.obj
d:\github_project\teamtalk\win-client\obj\release\libspeex_release\exc_5_256_table.obj
d:\github_project\teamtalk\win-client\obj\release\libspeex_release\exc_20_32_table.obj
d:\github_project\teamtalk\win-client\obj\release\libspeex_release\exc_10_32_table.obj
d:\github_project\teamtalk\win-client\obj\release\libspeex_release\exc_10_16_table.obj
d:\github_project\teamtalk\win-client\obj\release\libspeex_release\cb_search.obj
d:\github_project\teamtalk\win-client\obj\release\libspeex_release\buffer.obj
d:\github_project\teamtalk\win-client\obj\release\libspeex_release\bits.obj
d:\github_project\teamtalk\win-client\obj\release\libspeex_release\testecho.obj
d:\github_project\teamtalk\win-client\obj\release\libspeex_release\testdenoise.obj
d:\github_project\teamtalk\win-client\obj\release\libspeex_release\stereo.obj
d:\github_project\teamtalk\win-client\obj\release\libspeex_release\speex_header.obj
d:\github_project\teamtalk\win-client\obj\release\libspeex_release\speex_callbacks.obj
d:\github_project\teamtalk\win-client\obj\release\libspeex_release\speex.obj
d:\github_project\teamtalk\win-client\obj\release\libspeex_release\smallft.obj
d:\github_project\teamtalk\win-client\obj\release\libspeex_release\scal.obj
d:\github_project\teamtalk\win-client\obj\release\libspeex_release\sb_celp.obj
d:\github_project\teamtalk\win-client\obj\release\libspeex_release\resample.obj
d:\github_project\teamtalk\win-client\obj\release\libspeex_release\quant_lsp.obj
d:\github_project\teamtalk\win-client\obj\release\libspeex_release\preprocess.obj
d:\github_project\teamtalk\win-client\obj\release\libspeex_release\nb_celp.obj
d:\github_project\teamtalk\win-client\obj\release\libspeex_release\modes_wb.obj
d:\github_project\teamtalk\win-client\obj\release\libspeex_release\modes.obj
d:\github_project\teamtalk\win-client\obj\release\libspeex_release\mdf.obj
d:\github_project\teamtalk\win-client\obj\release\libspeex_release\ltp.obj
d:\github_project\teamtalk\win-client\obj\release\libspeex_release\lsp_tables_nb.obj
d:\github_project\teamtalk\win-client\obj\release\libspeex_release\lsp.obj
d:\github_project\teamtalk\win-client\obj\release\libspeex_release\lpc.obj
d:\github_project\teamtalk\win-client\obj\release\libspeex_release\window.obj
d:\github_project\teamtalk\win-client\obj\release\libspeex_release\vq.obj
d:\github_project\teamtalk\win-client\obj\release\libspeex_release\vbr.obj
d:\github_project\teamtalk\win-client\obj\release\libspeex_release\testjitter.obj
d:\github_project\teamtalk\win-client\obj\release\libspeex_release\testenc_wb.obj
d:\github_project\teamtalk\win-client\obj\release\libspeex_release\testenc_uwb.obj
d:\github_project\teamtalk\win-client\obj\release\libspeex_release\testenc.obj
d:\github_project\teamtalk\win-client\lib\release\libspeex.lib
d:\github_project\teamtalk\win-client\solution\\..\bin\teamtalk\release\libspeex.pdb
d:\github_project\teamtalk\win-client\solution\\..\obj\release\libspeex_release\libspeex.vcxproj.filelistabsolute.txt
d:\github_project\teamtalk\win-client\obj\release\libspeex_release\libspeex.tlog\cl.command.1.tlog
d:\github_project\teamtalk\win-client\obj\release\libspeex_release\libspeex.tlog\cl.items.tlog
d:\github_project\teamtalk\win-client\obj\release\libspeex_release\libspeex.tlog\cl.read.1.tlog
d:\github_project\teamtalk\win-client\obj\release\libspeex_release\libspeex.tlog\cl.write.1.tlog
d:\github_project\teamtalk\win-client\obj\release\libspeex_release\libspeex.tlog\lib-link.read.1.tlog
d:\github_project\teamtalk\win-client\obj\release\libspeex_release\libspeex.tlog\lib-link.write.1.tlog
d:\github_project\teamtalk\win-client\obj\release\libspeex_release\libspeex.tlog\lib.command.1.tlog
