d:\github_project\teamtalk\win-client\obj\debug\utility_debug\utility.pch
d:\github_project\teamtalk\win-client\obj\debug\utility_debug\vc143.pdb
d:\github_project\teamtalk\win-client\obj\debug\utility_debug\vc143.idb
d:\github_project\teamtalk\win-client\obj\debug\utility_debug\stdafx.obj
d:\github_project\teamtalk\win-client\obj\debug\utility_debug\json_writer.obj
d:\github_project\teamtalk\win-client\obj\debug\utility_debug\json_value.obj
d:\github_project\teamtalk\win-client\obj\debug\utility_debug\json_reader.obj
d:\github_project\teamtalk\win-client\obj\debug\utility_debug\utilstrcodingapi.obj
d:\github_project\teamtalk\win-client\obj\debug\utility_debug\utility.obj
d:\github_project\teamtalk\win-client\obj\debug\utility_debug\utilcommonapi.obj
d:\github_project\teamtalk\win-client\obj\debug\utility_debug\ttthread.obj
d:\github_project\teamtalk\win-client\obj\debug\utility_debug\multilingual.obj
d:\github_project\teamtalk\win-client\obj\debug\utility_debug\md5.obj
d:\github_project\teamtalk\win-client\obj\debug\utility_debug\inioperation.obj
d:\github_project\teamtalk\win-client\obj\debug\utility_debug\cppsqlite3.obj
d:\github_project\teamtalk\win-client\bin\teamtalk\debug\utility.dll
d:\github_project\teamtalk\win-client\bin\teamtalk\debug\utility.pdb
d:\github_project\teamtalk\win-client\obj\debug\utility_debug\utility.res
d:\github_project\teamtalk\win-client\lib\debug\utility.lib
d:\github_project\teamtalk\win-client\lib\debug\utility.exp
d:\github_project\teamtalk\win-client\obj\debug\utility_debug\utility.ilk
d:\github_project\teamtalk\win-client\solution\\..\bin\teamtalk\debug\utility.pdb
d:\github_project\teamtalk\win-client\solution\\..\obj\debug\utility_debug\utility.vcxproj.filelistabsolute.txt
d:\github_project\teamtalk\win-client\obj\debug\utility_debug\utility.tlog\cl.command.1.tlog
d:\github_project\teamtalk\win-client\obj\debug\utility_debug\utility.tlog\cl.items.tlog
d:\github_project\teamtalk\win-client\obj\debug\utility_debug\utility.tlog\cl.read.1.tlog
d:\github_project\teamtalk\win-client\obj\debug\utility_debug\utility.tlog\cl.write.1.tlog
d:\github_project\teamtalk\win-client\obj\debug\utility_debug\utility.tlog\link.command.1.tlog
d:\github_project\teamtalk\win-client\obj\debug\utility_debug\utility.tlog\link.read.1.tlog
d:\github_project\teamtalk\win-client\obj\debug\utility_debug\utility.tlog\link.secondary.1.tlog
d:\github_project\teamtalk\win-client\obj\debug\utility_debug\utility.tlog\link.write.1.tlog
d:\github_project\teamtalk\win-client\obj\debug\utility_debug\utility.tlog\rc.command.1.tlog
d:\github_project\teamtalk\win-client\obj\debug\utility_debug\utility.tlog\rc.read.1.tlog
d:\github_project\teamtalk\win-client\obj\debug\utility_debug\utility.tlog\rc.write.1.tlog
