d:\github_project\teamtalk\win-client\obj\debug\modules_debug\modules.pch
d:\github_project\teamtalk\win-client\obj\debug\modules_debug\vc143.pdb
d:\github_project\teamtalk\win-client\obj\debug\modules_debug\vc143.idb
d:\github_project\teamtalk\win-client\obj\debug\modules_debug\stdafx.obj
d:\github_project\teamtalk\win-client\obj\debug\modules_debug\im.login.pb.obj
d:\github_project\teamtalk\win-client\obj\debug\modules_debug\im.group.pb.obj
d:\github_project\teamtalk\win-client\obj\debug\modules_debug\im.file.pb.obj
d:\github_project\teamtalk\win-client\obj\debug\modules_debug\im.buddy.pb.obj
d:\github_project\teamtalk\win-client\obj\debug\modules_debug\im.basedefine.pb.obj
d:\github_project\teamtalk\win-client\obj\debug\modules_debug\xmemfile.obj
d:\github_project\teamtalk\win-client\obj\debug\modules_debug\ximawnd.obj
d:\github_project\teamtalk\win-client\obj\debug\modules_debug\ximawbmp.obj
d:\github_project\teamtalk\win-client\obj\debug\modules_debug\ximatran.obj
d:\github_project\teamtalk\win-client\obj\debug\modules_debug\ximapng.obj
d:\github_project\teamtalk\win-client\obj\debug\modules_debug\ximapal.obj
d:\github_project\teamtalk\win-client\obj\debug\modules_debug\ximalyr.obj
d:\github_project\teamtalk\win-client\obj\debug\modules_debug\ximalpha.obj
d:\github_project\teamtalk\win-client\obj\debug\modules_debug\ximajpg.obj
d:\github_project\teamtalk\win-client\obj\debug\modules_debug\ximainfo.obj
d:\github_project\teamtalk\win-client\obj\debug\modules_debug\ximagif.obj
d:\github_project\teamtalk\win-client\obj\debug\modules_debug\ximage.obj
d:\github_project\teamtalk\win-client\obj\debug\modules_debug\ximaexif.obj
d:\github_project\teamtalk\win-client\obj\debug\modules_debug\ximaenc.obj
d:\github_project\teamtalk\win-client\obj\debug\modules_debug\ximabmp.obj
d:\github_project\teamtalk\win-client\obj\debug\modules_debug\im.switchservice.pb.obj
d:\github_project\teamtalk\win-client\obj\debug\modules_debug\im.other.pb.obj
d:\github_project\teamtalk\win-client\obj\debug\modules_debug\im.message.pb.obj
d:\github_project\teamtalk\win-client\obj\debug\modules_debug\jdatasrc.obj
d:\github_project\teamtalk\win-client\obj\debug\modules_debug\jdatadst.obj
d:\github_project\teamtalk\win-client\obj\debug\modules_debug\jdapistd.obj
d:\github_project\teamtalk\win-client\obj\debug\modules_debug\jdapimin.obj
d:\github_project\teamtalk\win-client\obj\debug\modules_debug\jctrans.obj
d:\github_project\teamtalk\win-client\obj\debug\modules_debug\jcsample.obj
d:\github_project\teamtalk\win-client\obj\debug\modules_debug\jcprepct.obj
d:\github_project\teamtalk\win-client\obj\debug\modules_debug\jcphuff.obj
d:\github_project\teamtalk\win-client\obj\debug\modules_debug\jcparam.obj
d:\github_project\teamtalk\win-client\obj\debug\modules_debug\jcomapi.obj
d:\github_project\teamtalk\win-client\obj\debug\modules_debug\jcmaster.obj
d:\github_project\teamtalk\win-client\obj\debug\modules_debug\jcmarker.obj
d:\github_project\teamtalk\win-client\obj\debug\modules_debug\jcmainct.obj
d:\github_project\teamtalk\win-client\obj\debug\modules_debug\jcinit.obj
d:\github_project\teamtalk\win-client\obj\debug\modules_debug\jchuff.obj
d:\github_project\teamtalk\win-client\obj\debug\modules_debug\jcdctmgr.obj
d:\github_project\teamtalk\win-client\obj\debug\modules_debug\jccolor.obj
d:\github_project\teamtalk\win-client\obj\debug\modules_debug\jccoefct.obj
d:\github_project\teamtalk\win-client\obj\debug\modules_debug\jcapistd.obj
d:\github_project\teamtalk\win-client\obj\debug\modules_debug\jcapimin.obj
d:\github_project\teamtalk\win-client\obj\debug\modules_debug\jidctint.obj
d:\github_project\teamtalk\win-client\obj\debug\modules_debug\jidctfst.obj
d:\github_project\teamtalk\win-client\obj\debug\modules_debug\jidctflt.obj
d:\github_project\teamtalk\win-client\obj\debug\modules_debug\jfdctint.obj
d:\github_project\teamtalk\win-client\obj\debug\modules_debug\jfdctfst.obj
d:\github_project\teamtalk\win-client\obj\debug\modules_debug\jfdctflt.obj
d:\github_project\teamtalk\win-client\obj\debug\modules_debug\jerror.obj
d:\github_project\teamtalk\win-client\obj\debug\modules_debug\jdtrans.obj
d:\github_project\teamtalk\win-client\obj\debug\modules_debug\jdsample.obj
d:\github_project\teamtalk\win-client\obj\debug\modules_debug\jdpostct.obj
d:\github_project\teamtalk\win-client\obj\debug\modules_debug\jdphuff.obj
d:\github_project\teamtalk\win-client\obj\debug\modules_debug\jdmerge.obj
d:\github_project\teamtalk\win-client\obj\debug\modules_debug\jdmaster.obj
d:\github_project\teamtalk\win-client\obj\debug\modules_debug\jdmarker.obj
d:\github_project\teamtalk\win-client\obj\debug\modules_debug\jdmainct.obj
d:\github_project\teamtalk\win-client\obj\debug\modules_debug\jdinput.obj
d:\github_project\teamtalk\win-client\obj\debug\modules_debug\jdhuff.obj
d:\github_project\teamtalk\win-client\obj\debug\modules_debug\jddctmgr.obj
d:\github_project\teamtalk\win-client\obj\debug\modules_debug\jdcolor.obj
d:\github_project\teamtalk\win-client\obj\debug\modules_debug\jdcoefct.obj
d:\github_project\teamtalk\win-client\obj\debug\modules_debug\pngwio.obj
d:\github_project\teamtalk\win-client\obj\debug\modules_debug\pngvcrd.obj
d:\github_project\teamtalk\win-client\obj\debug\modules_debug\pngtrans.obj
d:\github_project\teamtalk\win-client\obj\debug\modules_debug\pngset.obj
d:\github_project\teamtalk\win-client\obj\debug\modules_debug\pngrutil.obj
d:\github_project\teamtalk\win-client\obj\debug\modules_debug\pngrtran.obj
d:\github_project\teamtalk\win-client\obj\debug\modules_debug\pngrio.obj
d:\github_project\teamtalk\win-client\obj\debug\modules_debug\pngread.obj
d:\github_project\teamtalk\win-client\obj\debug\modules_debug\pngpread.obj
d:\github_project\teamtalk\win-client\obj\debug\modules_debug\pngmem.obj
d:\github_project\teamtalk\win-client\obj\debug\modules_debug\pngget.obj
d:\github_project\teamtalk\win-client\obj\debug\modules_debug\pnggccrd.obj
d:\github_project\teamtalk\win-client\obj\debug\modules_debug\pngerror.obj
d:\github_project\teamtalk\win-client\obj\debug\modules_debug\png.obj
d:\github_project\teamtalk\win-client\obj\debug\modules_debug\jutils.obj
d:\github_project\teamtalk\win-client\obj\debug\modules_debug\jquant2.obj
d:\github_project\teamtalk\win-client\obj\debug\modules_debug\jquant1.obj
d:\github_project\teamtalk\win-client\obj\debug\modules_debug\jmemnobs.obj
d:\github_project\teamtalk\win-client\obj\debug\modules_debug\jmemmgr.obj
d:\github_project\teamtalk\win-client\obj\debug\modules_debug\jidctred.obj
d:\github_project\teamtalk\win-client\obj\debug\modules_debug\zutil.obj
d:\github_project\teamtalk\win-client\obj\debug\modules_debug\uncompr.obj
d:\github_project\teamtalk\win-client\obj\debug\modules_debug\trees.obj
d:\github_project\teamtalk\win-client\obj\debug\modules_debug\inftrees.obj
d:\github_project\teamtalk\win-client\obj\debug\modules_debug\inflate.obj
d:\github_project\teamtalk\win-client\obj\debug\modules_debug\inffast.obj
d:\github_project\teamtalk\win-client\obj\debug\modules_debug\infback.obj
d:\github_project\teamtalk\win-client\obj\debug\modules_debug\gzio.obj
d:\github_project\teamtalk\win-client\obj\debug\modules_debug\deflate.obj
d:\github_project\teamtalk\win-client\obj\debug\modules_debug\crc32.obj
d:\github_project\teamtalk\win-client\obj\debug\modules_debug\compress.obj
d:\github_project\teamtalk\win-client\obj\debug\modules_debug\adler32.obj
d:\github_project\teamtalk\win-client\obj\debug\modules_debug\pngwutil.obj
d:\github_project\teamtalk\win-client\obj\debug\modules_debug\pngwtran.obj
d:\github_project\teamtalk\win-client\obj\debug\modules_debug\pngwrite.obj
d:\github_project\teamtalk\win-client\obj\debug\modules_debug\filetransferuithread.obj
d:\github_project\teamtalk\win-client\obj\debug\modules_debug\filetransfersocket.obj
d:\github_project\teamtalk\win-client\obj\debug\modules_debug\filetransfermodule_impl.obj
d:\github_project\teamtalk\win-client\obj\debug\modules_debug\filetransferdialog.obj
d:\github_project\teamtalk\win-client\obj\debug\modules_debug\emocfgparsetool.obj
d:\github_project\teamtalk\win-client\obj\debug\modules_debug\emotionmodule_impl.obj
d:\github_project\teamtalk\win-client\obj\debug\modules_debug\emotiondialog.obj
d:\github_project\teamtalk\win-client\obj\debug\modules_debug\emotionbutton.obj
d:\github_project\teamtalk\win-client\obj\debug\modules_debug\databasemodule_userinfodb_impl.obj
d:\github_project\teamtalk\win-client\obj\debug\modules_debug\databasemodule_recentsessiondb_impl.obj
d:\github_project\teamtalk\win-client\obj\debug\modules_debug\databasemodule_messagedb_impl.obj
d:\github_project\teamtalk\win-client\obj\debug\modules_debug\databasemodule_impl.obj
d:\github_project\teamtalk\win-client\obj\debug\modules_debug\databasemodule_imagedb_impl.obj
d:\github_project\teamtalk\win-client\obj\debug\modules_debug\databasemodule_groupinfodb_impl.obj
d:\github_project\teamtalk\win-client\obj\debug\modules_debug\databasemodule_filetransferhistory_impl.obj
d:\github_project\teamtalk\win-client\obj\debug\modules_debug\databasemodule_departmentinfodb_impl.obj
d:\github_project\teamtalk\win-client\obj\debug\modules_debug\modulesubject.obj
d:\github_project\teamtalk\win-client\obj\debug\modules_debug\moduleobserver.obj
d:\github_project\teamtalk\win-client\obj\debug\modules_debug\modulebase.obj
d:\github_project\teamtalk\win-client\obj\debug\modules_debug\uieventmanager.obj
d:\github_project\teamtalk\win-client\obj\debug\modules_debug\autoselectmode.obj
d:\github_project\teamtalk\win-client\obj\debug\modules_debug\screencapturemodule_impl.obj
d:\github_project\teamtalk\win-client\obj\debug\modules_debug\p2pcmdmodule_impl.obj
d:\github_project\teamtalk\win-client\obj\debug\modules_debug\modules.obj
d:\github_project\teamtalk\win-client\obj\debug\modules_debug\miscmodule_impl.obj
d:\github_project\teamtalk\win-client\obj\debug\modules_debug\sendmsgmanage.obj
d:\github_project\teamtalk\win-client\obj\debug\modules_debug\receivemsgmanage.obj
d:\github_project\teamtalk\win-client\obj\debug\modules_debug\messagemodule_impl.obj
d:\github_project\teamtalk\win-client\obj\debug\modules_debug\messageentity.obj
d:\github_project\teamtalk\win-client\obj\debug\modules_debug\reloginmanager.obj
d:\github_project\teamtalk\win-client\obj\debug\modules_debug\loginoperation.obj
d:\github_project\teamtalk\win-client\obj\debug\modules_debug\loginmodule_impl.obj
d:\github_project\teamtalk\win-client\obj\debug\modules_debug\logindialog.obj
d:\github_project\teamtalk\win-client\obj\debug\modules_debug\dologinserverhttpoperation.obj
d:\github_project\teamtalk\win-client\obj\debug\modules_debug\httppoolmodule_impl.obj
d:\github_project\teamtalk\win-client\obj\debug\modules_debug\creatediscussiongrpdialog.obj
d:\github_project\teamtalk\win-client\obj\debug\modules_debug\changediscussiongrpmemberdialog.obj
d:\github_project\teamtalk\win-client\obj\debug\modules_debug\grouplistmodule_impl.obj
d:\github_project\teamtalk\win-client\obj\debug\modules_debug\transfermanager.obj
d:\github_project\teamtalk\win-client\obj\debug\modules_debug\transferfile.obj
d:\github_project\teamtalk\win-client\obj\debug\modules_debug\sessionlayout.obj
d:\github_project\teamtalk\win-client\obj\debug\modules_debug\sessiondialog.obj
d:\github_project\teamtalk\win-client\obj\debug\modules_debug\searchlayout.obj
d:\github_project\teamtalk\win-client\obj\debug\modules_debug\mainlistlayout_event.obj
d:\github_project\teamtalk\win-client\obj\debug\modules_debug\mainlistlayout.obj
d:\github_project\teamtalk\win-client\obj\debug\modules_debug\sessionmodule_impl.obj
d:\github_project\teamtalk\win-client\obj\debug\modules_debug\sessionmanager.obj
d:\github_project\teamtalk\win-client\obj\debug\modules_debug\synctimertimer.obj
d:\github_project\teamtalk\win-client\obj\debug\modules_debug\sendimghttpoperation.obj
d:\github_project\teamtalk\win-client\obj\debug\modules_debug\downloadavatarhttpoperation.obj
d:\github_project\teamtalk\win-client\obj\debug\modules_debug\isessionmodule.obj
d:\github_project\teamtalk\win-client\obj\debug\modules_debug\uimgr.obj
d:\github_project\teamtalk\win-client\obj\debug\modules_debug\edittoolbar.obj
d:\github_project\teamtalk\win-client\obj\debug\modules_debug\dlgbase.obj
d:\github_project\teamtalk\win-client\obj\debug\modules_debug\bkgroundui.obj
d:\github_project\teamtalk\win-client\obj\debug\modules_debug\screensnapshot.obj
d:\github_project\teamtalk\win-client\obj\debug\modules_debug\screencapture.obj
d:\github_project\teamtalk\win-client\obj\debug\modules_debug\manalselectmode.obj
d:\github_project\teamtalk\win-client\obj\debug\modules_debug\manaleditmode.obj
d:\github_project\teamtalk\win-client\obj\debug\modules_debug\capturemode.obj
d:\github_project\teamtalk\win-client\obj\debug\modules_debug\userlistmodule_impl.obj
d:\github_project\teamtalk\win-client\obj\debug\modules_debug\iuserlistmodule.obj
d:\github_project\teamtalk\win-client\obj\debug\modules_debug\tcpclientmodule_impl.obj
d:\github_project\teamtalk\win-client\obj\debug\modules_debug\sysconfigmodule_impl.obj
d:\github_project\teamtalk\win-client\obj\debug\modules_debug\sysconfigdialog.obj
d:\github_project\teamtalk\win-client\obj\debug\modules_debug\serverconfigdialog.obj
d:\github_project\teamtalk\win-client\obj\debug\modules_debug\userdetailinfodialog.obj
d:\github_project\teamtalk\win-client\obj\debug\modules_debug\uirecentsessionlist.obj
d:\github_project\teamtalk\win-client\obj\debug\modules_debug\uiimlistcommondefine.obj
d:\github_project\teamtalk\win-client\obj\debug\modules_debug\uiimlist.obj
d:\github_project\teamtalk\win-client\obj\debug\modules_debug\uiimedit.obj
d:\github_project\teamtalk\win-client\obj\debug\modules_debug\uigroupstreelist.obj
d:\github_project\teamtalk\win-client\obj\debug\modules_debug\uieausertreelist.obj
d:\github_project\teamtalk\win-client\obj\debug\modules_debug\sessionlayout_function.obj
d:\github_project\teamtalk\win-client\obj\debug\modules_debug\sessionlayout_event.obj
d:\github_project\teamtalk\win-client\bin\teamtalk\debug\modules.dll
d:\github_project\teamtalk\win-client\bin\teamtalk\debug\modules.pdb
d:\github_project\teamtalk\win-client\obj\debug\modules_debug\modules.res
d:\github_project\teamtalk\win-client\lib\debug\modules.lib
d:\github_project\teamtalk\win-client\lib\debug\modules.exp
d:\github_project\teamtalk\win-client\obj\debug\modules_debug\modules.ilk
d:\github_project\teamtalk\win-client\solution\\..\bin\teamtalk\debug\modules.pdb
d:\github_project\teamtalk\win-client\solution\\..\obj\debug\modules_debug\modules.vcxproj.filelistabsolute.txt
d:\github_project\teamtalk\win-client\obj\debug\modules_debug\modules.tlog\cl.command.1.tlog
d:\github_project\teamtalk\win-client\obj\debug\modules_debug\modules.tlog\cl.items.tlog
d:\github_project\teamtalk\win-client\obj\debug\modules_debug\modules.tlog\cl.read.1.tlog
d:\github_project\teamtalk\win-client\obj\debug\modules_debug\modules.tlog\cl.write.1.tlog
d:\github_project\teamtalk\win-client\obj\debug\modules_debug\modules.tlog\link.command.1.tlog
d:\github_project\teamtalk\win-client\obj\debug\modules_debug\modules.tlog\link.read.1.tlog
d:\github_project\teamtalk\win-client\obj\debug\modules_debug\modules.tlog\link.secondary.1.tlog
d:\github_project\teamtalk\win-client\obj\debug\modules_debug\modules.tlog\link.write.1.tlog
d:\github_project\teamtalk\win-client\obj\debug\modules_debug\modules.tlog\rc.command.1.tlog
d:\github_project\teamtalk\win-client\obj\debug\modules_debug\modules.tlog\rc.read.1.tlog
d:\github_project\teamtalk\win-client\obj\debug\modules_debug\modules.tlog\rc.write.1.tlog
