d:\github_project\teamtalk\win-client\obj\release\duilib_release\duilib.pch
d:\github_project\teamtalk\win-client\obj\release\duilib_release\vc143.pdb
d:\github_project\teamtalk\win-client\obj\release\duilib_release\stdafx.obj
d:\github_project\teamtalk\win-client\obj\release\duilib_release\uiverticallayout.obj
d:\github_project\teamtalk\win-client\obj\release\duilib_release\uitilelayout.obj
d:\github_project\teamtalk\win-client\obj\release\duilib_release\uitablayout.obj
d:\github_project\teamtalk\win-client\obj\release\duilib_release\uihorizontallayout.obj
d:\github_project\teamtalk\win-client\obj\release\duilib_release\uichildlayout.obj
d:\github_project\teamtalk\win-client\obj\release\duilib_release\uirender.obj
d:\github_project\teamtalk\win-client\obj\release\duilib_release\uimarkup.obj
d:\github_project\teamtalk\win-client\obj\release\duilib_release\uimanager.obj
d:\github_project\teamtalk\win-client\obj\release\duilib_release\uidlgbuilder.obj
d:\github_project\teamtalk\win-client\obj\release\duilib_release\uicontrol.obj
d:\github_project\teamtalk\win-client\obj\release\duilib_release\uicontainer.obj
d:\github_project\teamtalk\win-client\obj\release\duilib_release\uibase.obj
d:\github_project\teamtalk\win-client\obj\release\duilib_release\utils.obj
d:\github_project\teamtalk\win-client\obj\release\duilib_release\uidelegate.obj
d:\github_project\teamtalk\win-client\obj\release\duilib_release\winimplbase.obj
d:\github_project\teamtalk\win-client\obj\release\duilib_release\uishadow.obj
d:\github_project\teamtalk\win-client\obj\release\duilib_release\dialogmanager.obj
d:\github_project\teamtalk\win-client\obj\release\duilib_release\uilib.obj
d:\github_project\teamtalk\win-client\obj\release\duilib_release\uimenu.obj
d:\github_project\teamtalk\win-client\obj\release\duilib_release\uigifanim.obj
d:\github_project\teamtalk\win-client\obj\release\duilib_release\uiwebbrowser.obj
d:\github_project\teamtalk\win-client\obj\release\duilib_release\uitreeview.obj
d:\github_project\teamtalk\win-client\obj\release\duilib_release\uitext.obj
d:\github_project\teamtalk\win-client\obj\release\duilib_release\uislider.obj
d:\github_project\teamtalk\win-client\obj\release\duilib_release\uiscrollbar.obj
d:\github_project\teamtalk\win-client\obj\release\duilib_release\uirichedit.obj
d:\github_project\teamtalk\win-client\obj\release\duilib_release\uiprogress.obj
d:\github_project\teamtalk\win-client\obj\release\duilib_release\uioption.obj
d:\github_project\teamtalk\win-client\obj\release\duilib_release\uilist.obj
d:\github_project\teamtalk\win-client\obj\release\duilib_release\uilabel.obj
d:\github_project\teamtalk\win-client\obj\release\duilib_release\uiflash.obj
d:\github_project\teamtalk\win-client\obj\release\duilib_release\uiedit.obj
d:\github_project\teamtalk\win-client\obj\release\duilib_release\uidatetime.obj
d:\github_project\teamtalk\win-client\obj\release\duilib_release\uicombobox.obj
d:\github_project\teamtalk\win-client\obj\release\duilib_release\uicombo.obj
d:\github_project\teamtalk\win-client\obj\release\duilib_release\uicheckbox.obj
d:\github_project\teamtalk\win-client\obj\release\duilib_release\uibutton.obj
d:\github_project\teamtalk\win-client\obj\release\duilib_release\uiactivex.obj
d:\github_project\teamtalk\win-client\obj\release\duilib_release\stb_image.obj
d:\github_project\teamtalk\win-client\obj\release\duilib_release\xunzip.obj
d:\github_project\teamtalk\win-client\bin\teamtalk\release\duilib.dll
d:\github_project\teamtalk\win-client\obj\release\duilib_release\duilib.dll.intermediate.manifest
d:\github_project\teamtalk\win-client\bin\teamtalk\release\duilib.pdb
\\?\d:\github_project\teamtalk\win-client\bin\teamtalk\release\duilib.dll.manifest
d:\github_project\teamtalk\win-client\lib\release\duilib.lib
d:\github_project\teamtalk\win-client\lib\release\duilib.exp
d:\github_project\teamtalk\win-client\bin\teamtalk\release\duilib.dll.manifest
d:\github_project\teamtalk\win-client\solution\..\bin\teamtalk\release\duilib.pdb
d:\github_project\teamtalk\win-client\solution\\..\obj\release\duilib_release\duilib.vcxproj.filelistabsolute.txt
d:\github_project\teamtalk\win-client\obj\release\duilib_release\duilib.tlog\cl.command.1.tlog
d:\github_project\teamtalk\win-client\obj\release\duilib_release\duilib.tlog\cl.items.tlog
d:\github_project\teamtalk\win-client\obj\release\duilib_release\duilib.tlog\cl.read.1.tlog
d:\github_project\teamtalk\win-client\obj\release\duilib_release\duilib.tlog\cl.write.1.tlog
d:\github_project\teamtalk\win-client\obj\release\duilib_release\duilib.tlog\link.command.1.tlog
d:\github_project\teamtalk\win-client\obj\release\duilib_release\duilib.tlog\link.read.1.tlog
d:\github_project\teamtalk\win-client\obj\release\duilib_release\duilib.tlog\link.secondary.1.tlog
d:\github_project\teamtalk\win-client\obj\release\duilib_release\duilib.tlog\link.write.1.tlog
d:\github_project\teamtalk\win-client\obj\release\duilib_release\duilib.tlog\mt.command.1.tlog
d:\github_project\teamtalk\win-client\obj\release\duilib_release\duilib.tlog\mt.read.1.tlog
d:\github_project\teamtalk\win-client\obj\release\duilib_release\duilib.tlog\mt.write.1.tlog
